Test project /home/nnc/Fortran/fortran-compiler-tests/nag-bugs/build
      Start  1: nag-20200213-run
 1/51 Test  #1: nag-20200213-run .................***Failed  Required regular expression not found.Regex=[COP
]  0.00 sec
      Start  2: nag-20200124-obj
 2/51 Test  #2: nag-20200124-obj .................   Passed    0.27 sec
      Start  3: nag-20200110-run
 3/51 Test  #3: nag-20200110-run .................   Passed    0.00 sec
      Start  4: nag-20190906-run
 4/51 Test  #4: nag-20190906-run .................   Passed    0.00 sec
      Start  5: nag-20190831-run
 5/51 Test  #5: nag-20190831-run .................   Passed    0.00 sec
      Start  6: nag-20190826a-obj
 6/51 Test  #6: nag-20190826a-obj ................   Passed    0.25 sec
      Start  7: nag-20190826b-obj
 7/51 Test  #7: nag-20190826b-obj ................***Failed    0.18 sec
      Start  8: nag-20190608-obj
 8/51 Test  #8: nag-20190608-obj .................   Passed    0.27 sec
      Start  9: nag-20190507-run
 9/51 Test  #9: nag-20190507-run .................   Passed    0.00 sec
      Start 10: nag-20190506-run
10/51 Test #10: nag-20190506-run .................   Passed    0.00 sec
      Start 11: nag-20190302-obj
11/51 Test #11: nag-20190302-obj .................   Passed    0.26 sec
      Start 12: nag-20180819-run
12/51 Test #12: nag-20180819-run .................   Passed    0.00 sec
      Start 13: nag-20180731-run
13/51 Test #13: nag-20180731-run .................   Passed    0.00 sec
      Start 14: nag-20180323-obj
14/51 Test #14: nag-20180323-obj .................   Passed    0.61 sec
      Start 15: nag-20180219-run
15/51 Test #15: nag-20180219-run .................   Passed    0.00 sec
      Start 16: nag-20180205c-obj
16/51 Test #16: nag-20180205c-obj ................   Passed    0.24 sec
      Start 17: nag-20180205b-obj
17/51 Test #17: nag-20180205b-obj ................   Passed    0.23 sec
      Start 18: nag-20180205a-obj
18/51 Test #18: nag-20180205a-obj ................   Passed    0.23 sec
      Start 19: nag-20180204e-obj
19/51 Test #19: nag-20180204e-obj ................   Passed    0.26 sec
      Start 20: nag-20180204d-obj
20/51 Test #20: nag-20180204d-obj ................   Passed    0.27 sec
      Start 21: nag-20180204c-obj
21/51 Test #21: nag-20180204c-obj ................   Passed    0.26 sec
      Start 22: nag-20180204b-obj
22/51 Test #22: nag-20180204b-obj ................   Passed    0.23 sec
      Start 23: nag-20180204a-obj
23/51 Test #23: nag-20180204a-obj ................***Failed    0.14 sec
      Start 24: nag-20180203f-obj
24/51 Test #24: nag-20180203f-obj ................   Passed    0.23 sec
      Start 25: nag-20180203e-obj
25/51 Test #25: nag-20180203e-obj ................***Failed    0.14 sec
      Start 26: nag-20180203c-obj
26/51 Test #26: nag-20180203c-obj ................***Failed    0.14 sec
      Start 27: nag-20180203b-obj
27/51 Test #27: nag-20180203b-obj ................   Passed    0.26 sec
      Start 28: nag-20180203a-obj
28/51 Test #28: nag-20180203a-obj ................   Passed    0.23 sec
      Start 29: nag-20180202c-obj
29/51 Test #29: nag-20180202c-obj ................   Passed    0.26 sec
      Start 30: nag-20180202b-exe
30/51 Test #30: nag-20180202b-exe ................   Passed    0.31 sec
      Start 31: nag-20180202b-run
31/51 Test #31: nag-20180202b-run ................   Passed    0.02 sec
      Start 32: nag-20180202a-exe
32/51 Test #32: nag-20180202a-exe ................   Passed    0.33 sec
      Start 33: nag-20180202a-run
33/51 Test #33: nag-20180202a-run ................   Passed    0.02 sec
      Start 34: nag-20180201-obj
34/51 Test #34: nag-20180201-obj .................   Passed    0.60 sec
      Start 35: nag-20171110-obj
35/51 Test #35: nag-20171110-obj .................   Passed    0.77 sec
      Start 36: nag-20171027-obj
36/51 Test #36: nag-20171027-obj .................   Passed    0.28 sec
      Start 37: nag-20170805a-obj
37/51 Test #37: nag-20170805a-obj ................   Passed    0.24 sec
      Start 38: nag-20170805b-obj
38/51 Test #38: nag-20170805b-obj ................   Passed    0.26 sec
      Start 39: nag-20160321-obj
39/51 Test #39: nag-20160321-obj .................   Passed    0.26 sec
      Start 40: nag-20160129-obj
40/51 Test #40: nag-20160129-obj .................   Passed    0.34 sec
      Start 41: nag-20150528-run
41/51 Test #41: nag-20150528-run .................   Passed    0.00 sec
      Start 42: nag-20150520-obj
42/51 Test #42: nag-20150520-obj .................   Passed    0.31 sec
      Start 43: nag-20150321-obj
43/51 Test #43: nag-20150321-obj .................   Passed    0.31 sec
      Start 44: nag-20140617-run
44/51 Test #44: nag-20140617-run .................   Passed    0.00 sec
      Start 45: nag-20140616-obj
45/51 Test #45: nag-20140616-obj .................   Passed    0.24 sec
      Start 46: nag-20140417-obj
46/51 Test #46: nag-20140417-obj .................   Passed    0.48 sec
      Start 47: nag-20140108-obj
47/51 Test #47: nag-20140108-obj .................   Passed    0.25 sec
      Start 48: nag-20131204-obj
48/51 Test #48: nag-20131204-obj .................   Passed    0.27 sec
      Start 49: nag-20130818-run
49/51 Test #49: nag-20130818-run .................   Passed    0.00 sec
      Start 50: nag-20121111-obj
50/51 Test #50: nag-20121111-obj .................   Passed    0.27 sec
      Start 51: nag-20121007-obj
51/51 Test #51: nag-20121007-obj .................   Passed    0.14 sec

90% tests passed, 5 tests failed out of 51

Label Time Summary:
SR100256    =   0.70 sec (3 tests)
SR100272    =   0.61 sec (1 test)
SR101681    =   0.00 sec (1 test)
SR101836    =   0.00 sec (1 test)
SR103029    =   0.26 sec (1 test)
SR103454    =   0.00 sec (2 tests)
SR103620    =   0.27 sec (1 test)
SR104042    =   0.43 sec (2 tests)
SR104066    =   0.00 sec (2 tests)
SR104737    =   0.00 sec (1 test)
SR104818    =   0.27 sec (2 tests)
SR99906     =   0.60 sec (1 test)
SR99908     =   0.35 sec (2 tests)
SR99909     =   0.33 sec (2 tests)
SR99910     =   0.26 sec (1 test)
SR99921     =   0.49 sec (2 tests)
SR99982     =   0.00 sec (1 test)
nag-bug     =  10.71 sec (51 tests)

Total Test time (real) =  10.74 sec

The following tests FAILED:
	  1 - nag-20200213-run (Failed)
	  7 - nag-20190826b-obj (Failed)
	 23 - nag-20180204a-obj (Failed)
	 25 - nag-20180203e-obj (Failed)
	 26 - nag-20180203c-obj (Failed)
