Test project /home/nnc/Fortran/fortran-compiler-tests/intel-bugs/build
      Start  1: intel-20190903b-obj
 1/40 Test  #1: intel-20190903b-obj ..............   Passed    0.15 sec
      Start  2: intel-20190903-obj
 2/40 Test  #2: intel-20190903-obj ...............   Passed    0.12 sec
      Start  3: intel-20190901-obj
 3/40 Test  #3: intel-20190901-obj ...............***Failed    0.08 sec
      Start  4: intel-20180222-run
 4/40 Test  #4: intel-20180222-run ...............***Failed    0.00 sec
      Start  5: intel-20180221-run
 5/40 Test  #5: intel-20180221-run ...............***Failed    0.00 sec
      Start  6: intel-20180117-run
 6/40 Test  #6: intel-20180117-run ...............***Failed  Required regular expression not found.Regex=[5 9
]  0.00 sec
      Start  7: intel-20180115-run
 7/40 Test  #7: intel-20180115-run ...............***Failed  Required regular expression not found.Regex=[5 'fubar'
]  0.00 sec
      Start  8: intel-20171126-exe
 8/40 Test  #8: intel-20171126-exe ...............***Failed    0.08 sec
      Start  9: intel-20171126-run
Failed test dependencies: intel-20171126-exe
 9/40 Test  #9: intel-20171126-run ...............***Not Run   0.00 sec
      Start 10: intel-20171115-obj
10/40 Test #10: intel-20171115-obj ...............   Passed    0.11 sec
      Start 11: intel-20171023-run
11/40 Test #11: intel-20171023-run ...............   Passed    0.00 sec
      Start 12: intel-20171019-run
12/40 Test #12: intel-20171019-run ...............   Passed    0.00 sec
      Start 13: intel-20171018-obj
13/40 Test #13: intel-20171018-obj ...............   Passed    0.11 sec
      Start 14: intel-20150601-run
14/40 Test #14: intel-20150601-run ...............   Passed    0.00 sec
      Start 15: intel-20150531-obj
15/40 Test #15: intel-20150531-obj ...............   Passed    0.12 sec
      Start 16: intel-20141014-run
16/40 Test #16: intel-20141014-run ...............   Passed    0.00 sec
      Start 17: intel-20140618a-run
17/40 Test #17: intel-20140618a-run ..............   Passed    0.00 sec
      Start 18: intel-20140618b-run
18/40 Test #18: intel-20140618b-run ..............   Passed    0.00 sec
      Start 19: intel-20140617-run
19/40 Test #19: intel-20140617-run ...............   Passed    0.00 sec
      Start 20: intel-20140616-run
20/40 Test #20: intel-20140616-run ...............   Passed    0.00 sec
      Start 21: intel-20140610-run
21/40 Test #21: intel-20140610-run ...............   Passed    0.00 sec
      Start 22: intel-20140609-obj
22/40 Test #22: intel-20140609-obj ...............   Passed    0.14 sec
      Start 23: intel-20140424-run
23/40 Test #23: intel-20140424-run ...............   Passed    0.00 sec
      Start 24: intel-20140420-obj
24/40 Test #24: intel-20140420-obj ...............   Passed    0.10 sec
      Start 25: intel-20140109-obj
25/40 Test #25: intel-20140109-obj ...............   Passed    0.12 sec
      Start 26: intel-20131030-run
26/40 Test #26: intel-20131030-run ...............   Passed    0.00 sec
      Start 27: intel-20130802-obj
27/40 Test #27: intel-20130802-obj ...............   Passed    0.09 sec
      Start 28: intel-20130802a-obj
28/40 Test #28: intel-20130802a-obj ..............   Passed    0.11 sec
      Start 29: intel-20130330a-obj
29/40 Test #29: intel-20130330a-obj ..............   Passed    0.13 sec
      Start 30: intel-20130330b-obj
30/40 Test #30: intel-20130330b-obj ..............   Passed    0.14 sec
      Start 31: intel-20121014-run
31/40 Test #31: intel-20121014-run ...............   Passed    0.00 sec
      Start 32: intel-20121013a-run
32/40 Test #32: intel-20121013a-run ..............   Passed    0.00 sec
      Start 33: intel-20121013-obj
33/40 Test #33: intel-20121013-obj ...............   Passed    0.07 sec
      Start 34: intel-20121008-run
34/40 Test #34: intel-20121008-run ...............   Passed    0.00 sec
      Start 35: intel-20121007a-obj
35/40 Test #35: intel-20121007a-obj ..............   Passed    0.11 sec
      Start 36: intel-20121007b-run
36/40 Test #36: intel-20121007b-run ..............   Passed    0.00 sec
      Start 37: intel-20121006-obj
37/40 Test #37: intel-20121006-obj ...............   Passed    0.12 sec
      Start 38: intel-20121006a-obj
38/40 Test #38: intel-20121006a-obj ..............   Passed    0.13 sec
      Start 39: intel-20121006b-obj
39/40 Test #39: intel-20121006b-obj ..............   Passed    0.13 sec
      Start 40: intel-20121001-run
40/40 Test #40: intel-20121001-run ...............   Passed    0.00 sec

83% tests passed, 7 tests failed out of 40

Label Time Summary:
intel-bugs    =   2.18 sec (40 tests)

Total Test time (real) =   2.19 sec

The following tests FAILED:
	  3 - intel-20190901-obj (Failed)
	  4 - intel-20180222-run (Failed)
	  5 - intel-20180221-run (Failed)
	  6 - intel-20180117-run (Failed)
	  7 - intel-20180115-run (Failed)
	  8 - intel-20171126-exe (Failed)
	  9 - intel-20171126-run (Not Run)
