Test project /home/nnc/Fortran/fortran-compiler-tests/intel-bugs/build
      Start  1: intel-20200125-run
 1/45 Test  #1: intel-20200125-run ...............***Failed    0.00 sec
      Start  2: intel-20191229-run
 2/45 Test  #2: intel-20191229-run ...............***Failed    0.00 sec
      Start  3: intel-20191228-exe
 3/45 Test  #3: intel-20191228-exe ...............***Failed    0.14 sec
      Start  4: intel-20191228-run
Failed test dependencies: intel-20191228-exe
 4/45 Test  #4: intel-20191228-run ...............***Not Run   0.00 sec
      Start  5: intel-20190909-obj
 5/45 Test  #5: intel-20190909-obj ...............   Passed    0.20 sec
      Start  6: intel-20190903b-obj
 6/45 Test  #6: intel-20190903b-obj ..............   Passed    0.24 sec
      Start  7: intel-20190903-obj
 7/45 Test  #7: intel-20190903-obj ...............***Failed    0.14 sec
      Start  8: intel-20190901-obj
 8/45 Test  #8: intel-20190901-obj ...............***Failed    0.14 sec
      Start  9: intel-20180222-run
 9/45 Test  #9: intel-20180222-run ...............   Passed    0.00 sec
      Start 10: intel-20180221-run
10/45 Test #10: intel-20180221-run ...............***Failed    0.00 sec
      Start 11: intel-20180117-run
11/45 Test #11: intel-20180117-run ...............   Passed    0.00 sec
      Start 12: intel-20180115-run
12/45 Test #12: intel-20180115-run ...............   Passed    0.00 sec
      Start 13: intel-20171126-exe
13/45 Test #13: intel-20171126-exe ...............   Passed    0.35 sec
      Start 14: intel-20171126-run
14/45 Test #14: intel-20171126-run ...............   Passed    0.01 sec
      Start 15: intel-20171115-obj
15/45 Test #15: intel-20171115-obj ...............   Passed    0.19 sec
      Start 16: intel-20171023-run
16/45 Test #16: intel-20171023-run ...............   Passed    0.00 sec
      Start 17: intel-20171019-run
17/45 Test #17: intel-20171019-run ...............   Passed    0.00 sec
      Start 18: intel-20171018-obj
18/45 Test #18: intel-20171018-obj ...............   Passed    0.19 sec
      Start 19: intel-20150601-run
19/45 Test #19: intel-20150601-run ...............   Passed    0.00 sec
      Start 20: intel-20150531-obj
20/45 Test #20: intel-20150531-obj ...............   Passed    0.22 sec
      Start 21: intel-20141014-run
21/45 Test #21: intel-20141014-run ...............   Passed    0.00 sec
      Start 22: intel-20140618a-run
22/45 Test #22: intel-20140618a-run ..............   Passed    0.00 sec
      Start 23: intel-20140618b-run
23/45 Test #23: intel-20140618b-run ..............   Passed    0.00 sec
      Start 24: intel-20140617-run
24/45 Test #24: intel-20140617-run ...............   Passed    0.00 sec
      Start 25: intel-20140616-run
25/45 Test #25: intel-20140616-run ...............   Passed    0.00 sec
      Start 26: intel-20140610-run
26/45 Test #26: intel-20140610-run ...............   Passed    0.00 sec
      Start 27: intel-20140609-obj
27/45 Test #27: intel-20140609-obj ...............   Passed    0.24 sec
      Start 28: intel-20140424-run
28/45 Test #28: intel-20140424-run ...............   Passed    0.00 sec
      Start 29: intel-20140420-obj
29/45 Test #29: intel-20140420-obj ...............   Passed    0.17 sec
      Start 30: intel-20140109-obj
30/45 Test #30: intel-20140109-obj ...............   Passed    0.19 sec
      Start 31: intel-20131030-run
31/45 Test #31: intel-20131030-run ...............   Passed    0.00 sec
      Start 32: intel-20130802-obj
32/45 Test #32: intel-20130802-obj ...............   Passed    0.16 sec
      Start 33: intel-20130802a-obj
33/45 Test #33: intel-20130802a-obj ..............   Passed    0.19 sec
      Start 34: intel-20130330a-obj
34/45 Test #34: intel-20130330a-obj ..............   Passed    0.19 sec
      Start 35: intel-20130330b-obj
35/45 Test #35: intel-20130330b-obj ..............   Passed    0.20 sec
      Start 36: intel-20121014-run
36/45 Test #36: intel-20121014-run ...............   Passed    0.00 sec
      Start 37: intel-20121013a-run
37/45 Test #37: intel-20121013a-run ..............   Passed    0.00 sec
      Start 38: intel-20121013-obj
38/45 Test #38: intel-20121013-obj ...............   Passed    0.14 sec
      Start 39: intel-20121008-run
39/45 Test #39: intel-20121008-run ...............   Passed    0.00 sec
      Start 40: intel-20121007a-obj
40/45 Test #40: intel-20121007a-obj ..............   Passed    0.20 sec
      Start 41: intel-20121007b-run
41/45 Test #41: intel-20121007b-run ..............   Passed    0.00 sec
      Start 42: intel-20121006-obj
42/45 Test #42: intel-20121006-obj ...............   Passed    0.18 sec
      Start 43: intel-20121006a-obj
43/45 Test #43: intel-20121006a-obj ..............   Passed    0.19 sec
      Start 44: intel-20121006b-obj
44/45 Test #44: intel-20121006b-obj ..............   Passed    0.24 sec
      Start 45: intel-20121001-run
45/45 Test #45: intel-20121001-run ...............   Passed    0.00 sec

84% tests passed, 7 tests failed out of 45

Label Time Summary:
intel-bugs    =   4.16 sec*proc (45 tests)

Total Test time (real) =   4.18 sec

The following tests FAILED:
	  1 - intel-20200125-run (Failed)
	  2 - intel-20191229-run (Failed)
	  3 - intel-20191228-exe (Failed)
	  4 - intel-20191228-run (Not Run)
	  7 - intel-20190903-obj (Failed)
	  8 - intel-20190901-obj (Failed)
	 10 - intel-20180221-run (Failed)
