Test project /home/nnc/Fortran/fortran-compiler-tests/intel-bugs/build
      Start  1: intel-20190901-obj
 1/38 Test  #1: intel-20190901-obj ...............***Failed    0.09 sec
      Start  2: intel-20180222-run
 2/38 Test  #2: intel-20180222-run ...............   Passed    0.00 sec
      Start  3: intel-20180221-run
 3/38 Test  #3: intel-20180221-run ...............***Failed    0.00 sec
      Start  4: intel-20180117-run
 4/38 Test  #4: intel-20180117-run ...............   Passed    0.00 sec
      Start  5: intel-20180115-run
 5/38 Test  #5: intel-20180115-run ...............   Passed    0.00 sec
      Start  6: intel-20171126-exe
 6/38 Test  #6: intel-20171126-exe ...............   Passed    0.19 sec
      Start  7: intel-20171126-run
 7/38 Test  #7: intel-20171126-run ...............   Passed    0.01 sec
      Start  8: intel-20171115-obj
 8/38 Test  #8: intel-20171115-obj ...............   Passed    0.11 sec
      Start  9: intel-20171023-run
 9/38 Test  #9: intel-20171023-run ...............   Passed    0.00 sec
      Start 10: intel-20171019-run
10/38 Test #10: intel-20171019-run ...............   Passed    0.00 sec
      Start 11: intel-20171018-obj
11/38 Test #11: intel-20171018-obj ...............   Passed    0.11 sec
      Start 12: intel-20150601-run
12/38 Test #12: intel-20150601-run ...............   Passed    0.00 sec
      Start 13: intel-20150531-obj
13/38 Test #13: intel-20150531-obj ...............   Passed    0.13 sec
      Start 14: intel-20141014-run
14/38 Test #14: intel-20141014-run ...............   Passed    0.00 sec
      Start 15: intel-20140618a-run
15/38 Test #15: intel-20140618a-run ..............   Passed    0.00 sec
      Start 16: intel-20140618b-run
16/38 Test #16: intel-20140618b-run ..............   Passed    0.00 sec
      Start 17: intel-20140617-run
17/38 Test #17: intel-20140617-run ...............   Passed    0.00 sec
      Start 18: intel-20140616-run
18/38 Test #18: intel-20140616-run ...............   Passed    0.00 sec
      Start 19: intel-20140610-run
19/38 Test #19: intel-20140610-run ...............   Passed    0.00 sec
      Start 20: intel-20140609-obj
20/38 Test #20: intel-20140609-obj ...............   Passed    0.14 sec
      Start 21: intel-20140424-run
21/38 Test #21: intel-20140424-run ...............   Passed    0.00 sec
      Start 22: intel-20140420-obj
22/38 Test #22: intel-20140420-obj ...............   Passed    0.10 sec
      Start 23: intel-20140109-obj
23/38 Test #23: intel-20140109-obj ...............   Passed    0.12 sec
      Start 24: intel-20131030-run
24/38 Test #24: intel-20131030-run ...............   Passed    0.00 sec
      Start 25: intel-20130802-obj
25/38 Test #25: intel-20130802-obj ...............   Passed    0.09 sec
      Start 26: intel-20130802a-obj
26/38 Test #26: intel-20130802a-obj ..............   Passed    0.11 sec
      Start 27: intel-20130330a-obj
27/38 Test #27: intel-20130330a-obj ..............   Passed    0.11 sec
      Start 28: intel-20130330b-obj
28/38 Test #28: intel-20130330b-obj ..............   Passed    0.11 sec
      Start 29: intel-20121014-run
29/38 Test #29: intel-20121014-run ...............   Passed    0.00 sec
      Start 30: intel-20121013a-run
30/38 Test #30: intel-20121013a-run ..............   Passed    0.00 sec
      Start 31: intel-20121013-obj
31/38 Test #31: intel-20121013-obj ...............   Passed    0.08 sec
      Start 32: intel-20121008-run
32/38 Test #32: intel-20121008-run ...............   Passed    0.00 sec
      Start 33: intel-20121007a-obj
33/38 Test #33: intel-20121007a-obj ..............   Passed    0.12 sec
      Start 34: intel-20121007b-run
34/38 Test #34: intel-20121007b-run ..............   Passed    0.00 sec
      Start 35: intel-20121006-obj
35/38 Test #35: intel-20121006-obj ...............   Passed    0.13 sec
      Start 36: intel-20121006a-obj
36/38 Test #36: intel-20121006a-obj ..............   Passed    0.15 sec
      Start 37: intel-20121006b-obj
37/38 Test #37: intel-20121006b-obj ..............   Passed    0.13 sec
      Start 38: intel-20121001-run
38/38 Test #38: intel-20121001-run ...............   Passed    0.00 sec

95% tests passed, 2 tests failed out of 38

Label Time Summary:
intel-bugs    =   2.03 sec (38 tests)

Total Test time (real) =   2.04 sec

The following tests FAILED:
	  1 - intel-20190901-obj (Failed)
	  3 - intel-20180221-run (Failed)
